20-Apr-2023 13:40:55.065 INFO [main] org.apache.catalina.startup.VersionLoggerListener.log Server version name:   Apache Tomcat/10.1.8
20-Apr-2023 13:40:55.072 INFO [main] org.apache.catalina.startup.VersionLoggerListener.log Server built:          Apr 14 2023 19:40:29 UTC
20-Apr-2023 13:40:55.072 INFO [main] org.apache.catalina.startup.VersionLoggerListener.log Server version number: 10.1.8.0
20-Apr-2023 13:40:55.073 INFO [main] org.apache.catalina.startup.VersionLoggerListener.log OS Name:               Windows 11
20-Apr-2023 13:40:55.073 INFO [main] org.apache.catalina.startup.VersionLoggerListener.log OS Version:            10.0
20-Apr-2023 13:40:55.073 INFO [main] org.apache.catalina.startup.VersionLoggerListener.log Architecture:          amd64
20-Apr-2023 13:40:55.073 INFO [main] org.apache.catalina.startup.VersionLoggerListener.log Java Home:             C:\Program Files\Java\jdk-17.0.5
20-Apr-2023 13:40:55.073 INFO [main] org.apache.catalina.startup.VersionLoggerListener.log JVM Version:           17.0.5+9-LTS-191
20-Apr-2023 13:40:55.074 INFO [main] org.apache.catalina.startup.VersionLoggerListener.log JVM Vendor:            Oracle Corporation
20-Apr-2023 13:40:55.074 INFO [main] org.apache.catalina.startup.VersionLoggerListener.log CATALINA_BASE:         C:\Users\Gayuh\Documents\Belajar Java\apache-tomcat-10.1.8
20-Apr-2023 13:40:55.074 INFO [main] org.apache.catalina.startup.VersionLoggerListener.log CATALINA_HOME:         C:\Users\Gayuh\Documents\Belajar Java\apache-tomcat-10.1.8
20-Apr-2023 13:40:55.104 INFO [main] org.apache.catalina.startup.VersionLoggerListener.log Command line argument: -Djava.util.logging.config.file=C:\Users\Gayuh\Documents\Belajar Java\apache-tomcat-10.1.8\conf\logging.properties
20-Apr-2023 13:40:55.105 INFO [main] org.apache.catalina.startup.VersionLoggerListener.log Command line argument: -Djava.util.logging.manager=org.apache.juli.ClassLoaderLogManager
20-Apr-2023 13:40:55.105 INFO [main] org.apache.catalina.startup.VersionLoggerListener.log Command line argument: -Djdk.tls.ephemeralDHKeySize=2048
20-Apr-2023 13:40:55.105 INFO [main] org.apache.catalina.startup.VersionLoggerListener.log Command line argument: -Djava.protocol.handler.pkgs=org.apache.catalina.webresources
20-Apr-2023 13:40:55.105 INFO [main] org.apache.catalina.startup.VersionLoggerListener.log Command line argument: --add-opens=java.base/java.lang=ALL-UNNAMED
20-Apr-2023 13:40:55.107 INFO [main] org.apache.catalina.startup.VersionLoggerListener.log Command line argument: --add-opens=java.base/java.io=ALL-UNNAMED
20-Apr-2023 13:40:55.107 INFO [main] org.apache.catalina.startup.VersionLoggerListener.log Command line argument: --add-opens=java.base/java.util=ALL-UNNAMED
20-Apr-2023 13:40:55.107 INFO [main] org.apache.catalina.startup.VersionLoggerListener.log Command line argument: --add-opens=java.base/java.util.concurrent=ALL-UNNAMED
20-Apr-2023 13:40:55.107 INFO [main] org.apache.catalina.startup.VersionLoggerListener.log Command line argument: --add-opens=java.rmi/sun.rmi.transport=ALL-UNNAMED
20-Apr-2023 13:40:55.108 INFO [main] org.apache.catalina.startup.VersionLoggerListener.log Command line argument: -Dcatalina.base=C:\Users\Gayuh\Documents\Belajar Java\apache-tomcat-10.1.8
20-Apr-2023 13:40:55.108 INFO [main] org.apache.catalina.startup.VersionLoggerListener.log Command line argument: -Dcatalina.home=C:\Users\Gayuh\Documents\Belajar Java\apache-tomcat-10.1.8
20-Apr-2023 13:40:55.108 INFO [main] org.apache.catalina.startup.VersionLoggerListener.log Command line argument: -Djava.io.tmpdir=C:\Users\Gayuh\Documents\Belajar Java\apache-tomcat-10.1.8\temp
20-Apr-2023 13:40:55.117 INFO [main] org.apache.catalina.core.AprLifecycleListener.lifecycleEvent The Apache Tomcat Native library which allows using OpenSSL was not found on the java.library.path: [C:\Program Files\Java\jdk-17.0.5\bin;C:\WINDOWS\Sun\Java\bin;C:\WINDOWS\system32;C:\WINDOWS;C:\Program Files\Java\jdk-17.0.5\bin;C:\Program Files (x86)\Common Files\Oracle\Java\javapath;C:\WINDOWS\system32;C:\WINDOWS;C:\WINDOWS\System32\Wbem;C:\WINDOWS\System32\WindowsPowerShell\v1.0\;C:\WINDOWS\System32\OpenSSH\;C:\xamppNew\php;C:\Program Files\Git\cmd;C:\Program Files\JetBrains\PhpStorm 2022.2.3\bin;C:\ProgramData\ComposerSetup\bin;C:\Program Files\apache-maven-3.8.7\bin;C:\Program Files\PostgreSQL\15\bin;C:\Users\Gayuh\AppData\Local\Microsoft\WindowsApps;C:\Users\Gayuh\AppData\Local\JetBrains\Toolbox\scripts;C:\Users\Gayuh\AppData\Local\Programs\Microsoft VS Code\bin;C:\Users\Gayuh\AppData\Roaming\Composer\vendor\bin;C:\Program Files\JetBrains\IntelliJ IDEA 2022.3.1\bin;;C:\Program Files\JetBrains\PhpStorm 2022.3.1\bin;;C:\Program Files\JetBrains\DataGrip 2022.3.3\bin;;C:\Program Files\JetBrains\PyCharm 2021.3.2\bin;;C:\Users\Gayuh\AppData\Local\Microsoft\WindowsApps;;.]
20-Apr-2023 13:40:55.484 INFO [main] org.apache.coyote.AbstractProtocol.init Initializing ProtocolHandler ["http-nio-8080"]
20-Apr-2023 13:40:55.522 INFO [main] org.apache.catalina.startup.Catalina.load Server initialization in [711] milliseconds
20-Apr-2023 13:40:55.594 INFO [main] org.apache.catalina.core.StandardService.startInternal Starting service [Catalina]
20-Apr-2023 13:40:55.594 INFO [main] org.apache.catalina.core.StandardEngine.startInternal Starting Servlet engine: [Apache Tomcat/10.1.8]
20-Apr-2023 13:40:55.612 INFO [main] org.apache.catalina.startup.HostConfig.deployDirectory Deploying web application directory [C:\Users\Gayuh\Documents\Belajar Java\apache-tomcat-10.1.8\webapps\docs]
20-Apr-2023 13:40:56.104 INFO [main] org.apache.catalina.startup.HostConfig.deployDirectory Deployment of web application directory [C:\Users\Gayuh\Documents\Belajar Java\apache-tomcat-10.1.8\webapps\docs] has finished in [491] ms
20-Apr-2023 13:40:56.105 INFO [main] org.apache.catalina.startup.HostConfig.deployDirectory Deploying web application directory [C:\Users\Gayuh\Documents\Belajar Java\apache-tomcat-10.1.8\webapps\examples]
20-Apr-2023 13:40:56.779 INFO [main] org.apache.catalina.startup.HostConfig.deployDirectory Deployment of web application directory [C:\Users\Gayuh\Documents\Belajar Java\apache-tomcat-10.1.8\webapps\examples] has finished in [674] ms
20-Apr-2023 13:40:56.780 INFO [main] org.apache.catalina.startup.HostConfig.deployDirectory Deploying web application directory [C:\Users\Gayuh\Documents\Belajar Java\apache-tomcat-10.1.8\webapps\host-manager]
20-Apr-2023 13:40:56.854 INFO [main] org.apache.catalina.startup.HostConfig.deployDirectory Deployment of web application directory [C:\Users\Gayuh\Documents\Belajar Java\apache-tomcat-10.1.8\webapps\host-manager] has finished in [74] ms
20-Apr-2023 13:40:56.856 INFO [main] org.apache.catalina.startup.HostConfig.deployDirectory Deploying web application directory [C:\Users\Gayuh\Documents\Belajar Java\apache-tomcat-10.1.8\webapps\manager]
20-Apr-2023 13:40:56.932 INFO [main] org.apache.catalina.startup.HostConfig.deployDirectory Deployment of web application directory [C:\Users\Gayuh\Documents\Belajar Java\apache-tomcat-10.1.8\webapps\manager] has finished in [77] ms
20-Apr-2023 13:40:56.932 INFO [main] org.apache.catalina.startup.HostConfig.deployDirectory Deploying web application directory [C:\Users\Gayuh\Documents\Belajar Java\apache-tomcat-10.1.8\webapps\ROOT]
20-Apr-2023 13:40:56.965 INFO [main] org.apache.catalina.startup.HostConfig.deployDirectory Deployment of web application directory [C:\Users\Gayuh\Documents\Belajar Java\apache-tomcat-10.1.8\webapps\ROOT] has finished in [33] ms
20-Apr-2023 13:40:56.971 INFO [main] org.apache.coyote.AbstractProtocol.start Starting ProtocolHandler ["http-nio-8080"]
20-Apr-2023 13:40:57.023 INFO [main] org.apache.catalina.startup.Catalina.start Server startup in [1501] milliseconds
20-Apr-2023 13:41:13.901 INFO [Thread-1] org.apache.coyote.AbstractProtocol.pause Pausing ProtocolHandler ["http-nio-8080"]
20-Apr-2023 13:41:13.924 INFO [Thread-1] org.apache.catalina.core.StandardService.stopInternal Stopping service [Catalina]
20-Apr-2023 13:41:13.961 INFO [Thread-1] org.apache.coyote.AbstractProtocol.stop Stopping ProtocolHandler ["http-nio-8080"]
20-Apr-2023 13:41:13.971 INFO [Thread-1] org.apache.coyote.AbstractProtocol.destroy Destroying ProtocolHandler ["http-nio-8080"]
20-Apr-2023 14:00:21.905 INFO [main] org.apache.catalina.startup.VersionLoggerListener.log Server version name:   Apache Tomcat/10.1.8
20-Apr-2023 14:00:21.910 INFO [main] org.apache.catalina.startup.VersionLoggerListener.log Server built:          Apr 14 2023 19:40:29 UTC
20-Apr-2023 14:00:21.910 INFO [main] org.apache.catalina.startup.VersionLoggerListener.log Server version number: 10.1.8.0
20-Apr-2023 14:00:21.911 INFO [main] org.apache.catalina.startup.VersionLoggerListener.log OS Name:               Windows 11
20-Apr-2023 14:00:21.911 INFO [main] org.apache.catalina.startup.VersionLoggerListener.log OS Version:            10.0
20-Apr-2023 14:00:21.911 INFO [main] org.apache.catalina.startup.VersionLoggerListener.log Architecture:          amd64
20-Apr-2023 14:00:21.911 INFO [main] org.apache.catalina.startup.VersionLoggerListener.log Java Home:             C:\Program Files\Java\jdk-17.0.5
20-Apr-2023 14:00:21.912 INFO [main] org.apache.catalina.startup.VersionLoggerListener.log JVM Version:           17.0.5+9-LTS-191
20-Apr-2023 14:00:21.912 INFO [main] org.apache.catalina.startup.VersionLoggerListener.log JVM Vendor:            Oracle Corporation
20-Apr-2023 14:00:21.912 INFO [main] org.apache.catalina.startup.VersionLoggerListener.log CATALINA_BASE:         C:\Users\Gayuh\Documents\Belajar Java\apache-tomcat-10.1.8
20-Apr-2023 14:00:21.912 INFO [main] org.apache.catalina.startup.VersionLoggerListener.log CATALINA_HOME:         C:\Users\Gayuh\Documents\Belajar Java\apache-tomcat-10.1.8
20-Apr-2023 14:00:21.927 INFO [main] org.apache.catalina.startup.VersionLoggerListener.log Command line argument: -Djava.util.logging.config.file=C:\Users\Gayuh\Documents\Belajar Java\apache-tomcat-10.1.8\conf\logging.properties
20-Apr-2023 14:00:21.927 INFO [main] org.apache.catalina.startup.VersionLoggerListener.log Command line argument: -Djava.util.logging.manager=org.apache.juli.ClassLoaderLogManager
20-Apr-2023 14:00:21.927 INFO [main] org.apache.catalina.startup.VersionLoggerListener.log Command line argument: -Djdk.tls.ephemeralDHKeySize=2048
20-Apr-2023 14:00:21.929 INFO [main] org.apache.catalina.startup.VersionLoggerListener.log Command line argument: -Djava.protocol.handler.pkgs=org.apache.catalina.webresources
20-Apr-2023 14:00:21.929 INFO [main] org.apache.catalina.startup.VersionLoggerListener.log Command line argument: --add-opens=java.base/java.lang=ALL-UNNAMED
20-Apr-2023 14:00:21.929 INFO [main] org.apache.catalina.startup.VersionLoggerListener.log Command line argument: --add-opens=java.base/java.io=ALL-UNNAMED
20-Apr-2023 14:00:21.929 INFO [main] org.apache.catalina.startup.VersionLoggerListener.log Command line argument: --add-opens=java.base/java.util=ALL-UNNAMED
20-Apr-2023 14:00:21.929 INFO [main] org.apache.catalina.startup.VersionLoggerListener.log Command line argument: --add-opens=java.base/java.util.concurrent=ALL-UNNAMED
20-Apr-2023 14:00:21.930 INFO [main] org.apache.catalina.startup.VersionLoggerListener.log Command line argument: --add-opens=java.rmi/sun.rmi.transport=ALL-UNNAMED
20-Apr-2023 14:00:21.930 INFO [main] org.apache.catalina.startup.VersionLoggerListener.log Command line argument: -Dcatalina.base=C:\Users\Gayuh\Documents\Belajar Java\apache-tomcat-10.1.8
20-Apr-2023 14:00:21.930 INFO [main] org.apache.catalina.startup.VersionLoggerListener.log Command line argument: -Dcatalina.home=C:\Users\Gayuh\Documents\Belajar Java\apache-tomcat-10.1.8
20-Apr-2023 14:00:21.930 INFO [main] org.apache.catalina.startup.VersionLoggerListener.log Command line argument: -Djava.io.tmpdir=C:\Users\Gayuh\Documents\Belajar Java\apache-tomcat-10.1.8\temp
20-Apr-2023 14:00:21.940 INFO [main] org.apache.catalina.core.AprLifecycleListener.lifecycleEvent The Apache Tomcat Native library which allows using OpenSSL was not found on the java.library.path: [C:\Program Files\Java\jdk-17.0.5\bin;C:\WINDOWS\Sun\Java\bin;C:\WINDOWS\system32;C:\WINDOWS;C:\Program Files\Java\jdk-17.0.5\bin;C:\Program Files (x86)\Common Files\Oracle\Java\javapath;C:\WINDOWS\system32;C:\WINDOWS;C:\WINDOWS\System32\Wbem;C:\WINDOWS\System32\WindowsPowerShell\v1.0\;C:\WINDOWS\System32\OpenSSH\;C:\xamppNew\php;C:\Program Files\Git\cmd;C:\Program Files\JetBrains\PhpStorm 2022.2.3\bin;C:\ProgramData\ComposerSetup\bin;C:\Program Files\apache-maven-3.8.7\bin;C:\Program Files\PostgreSQL\15\bin;C:\Users\Gayuh\AppData\Local\Microsoft\WindowsApps;C:\Users\Gayuh\AppData\Local\JetBrains\Toolbox\scripts;C:\Users\Gayuh\AppData\Local\Programs\Microsoft VS Code\bin;C:\Users\Gayuh\AppData\Roaming\Composer\vendor\bin;C:\Program Files\JetBrains\IntelliJ IDEA 2022.3.1\bin;;C:\Program Files\JetBrains\PhpStorm 2022.3.1\bin;;C:\Program Files\JetBrains\DataGrip 2022.3.3\bin;;C:\Program Files\JetBrains\PyCharm 2021.3.2\bin;;C:\Users\Gayuh\AppData\Local\Microsoft\WindowsApps;;.]
20-Apr-2023 14:00:22.234 INFO [main] org.apache.coyote.AbstractProtocol.init Initializing ProtocolHandler ["http-nio-8080"]
20-Apr-2023 14:00:22.266 INFO [main] org.apache.catalina.startup.Catalina.load Server initialization in [590] milliseconds
20-Apr-2023 14:00:22.324 INFO [main] org.apache.catalina.core.StandardService.startInternal Starting service [Catalina]
20-Apr-2023 14:00:22.324 INFO [main] org.apache.catalina.core.StandardEngine.startInternal Starting Servlet engine: [Apache Tomcat/10.1.8]
20-Apr-2023 14:00:22.339 INFO [main] org.apache.catalina.startup.HostConfig.deployDirectory Deploying web application directory [C:\Users\Gayuh\Documents\Belajar Java\apache-tomcat-10.1.8\webapps\docs]
20-Apr-2023 14:00:22.801 INFO [main] org.apache.catalina.startup.HostConfig.deployDirectory Deployment of web application directory [C:\Users\Gayuh\Documents\Belajar Java\apache-tomcat-10.1.8\webapps\docs] has finished in [462] ms
20-Apr-2023 14:00:22.802 INFO [main] org.apache.catalina.startup.HostConfig.deployDirectory Deploying web application directory [C:\Users\Gayuh\Documents\Belajar Java\apache-tomcat-10.1.8\webapps\examples]
20-Apr-2023 14:00:23.422 INFO [main] org.apache.catalina.startup.HostConfig.deployDirectory Deployment of web application directory [C:\Users\Gayuh\Documents\Belajar Java\apache-tomcat-10.1.8\webapps\examples] has finished in [620] ms
20-Apr-2023 14:00:23.423 INFO [main] org.apache.catalina.startup.HostConfig.deployDirectory Deploying web application directory [C:\Users\Gayuh\Documents\Belajar Java\apache-tomcat-10.1.8\webapps\host-manager]
20-Apr-2023 14:00:23.490 INFO [main] org.apache.catalina.startup.HostConfig.deployDirectory Deployment of web application directory [C:\Users\Gayuh\Documents\Belajar Java\apache-tomcat-10.1.8\webapps\host-manager] has finished in [67] ms
20-Apr-2023 14:00:23.491 INFO [main] org.apache.catalina.startup.HostConfig.deployDirectory Deploying web application directory [C:\Users\Gayuh\Documents\Belajar Java\apache-tomcat-10.1.8\webapps\manager]
20-Apr-2023 14:00:23.558 INFO [main] org.apache.catalina.startup.HostConfig.deployDirectory Deployment of web application directory [C:\Users\Gayuh\Documents\Belajar Java\apache-tomcat-10.1.8\webapps\manager] has finished in [67] ms
20-Apr-2023 14:00:23.559 INFO [main] org.apache.catalina.startup.HostConfig.deployDirectory Deploying web application directory [C:\Users\Gayuh\Documents\Belajar Java\apache-tomcat-10.1.8\webapps\ROOT]
20-Apr-2023 14:00:23.594 INFO [main] org.apache.catalina.startup.HostConfig.deployDirectory Deployment of web application directory [C:\Users\Gayuh\Documents\Belajar Java\apache-tomcat-10.1.8\webapps\ROOT] has finished in [34] ms
20-Apr-2023 14:00:23.599 INFO [main] org.apache.coyote.AbstractProtocol.start Starting ProtocolHandler ["http-nio-8080"]
20-Apr-2023 14:00:23.645 INFO [main] org.apache.catalina.startup.Catalina.start Server startup in [1379] milliseconds
20-Apr-2023 14:01:43.729 INFO [Catalina-utility-1] org.apache.catalina.startup.HostConfig.deployWAR Deploying web application archive [C:\Users\Gayuh\Documents\Belajar Java\apache-tomcat-10.1.8\webapps\belajar.war]
20-Apr-2023 14:01:46.198 INFO [Catalina-utility-1] org.apache.jasper.servlet.TldScanner.scanJars At least one JAR was scanned for TLDs yet contained no TLDs. Enable debug logging for this logger for a complete list of JARs that were scanned but no TLDs were found in them. Skipping unneeded JARs during scanning can improve startup time and JSP compilation time.
20-Apr-2023 14:01:46.394 INFO [Catalina-utility-1] org.apache.catalina.startup.HostConfig.deployWAR Deployment of web application archive [C:\Users\Gayuh\Documents\Belajar Java\apache-tomcat-10.1.8\webapps\belajar.war] has finished in [2,665] ms
20-Apr-2023 14:04:37.153 INFO [Catalina-utility-2] org.apache.catalina.startup.HostConfig.undeploy Undeploying context [/belajar]
